 _   _                 _           _            _        
[12.02.2025  2:03:22,69] Запуск скрипта копирования модов. 
[12.02.2025  2:03:22,69] Исходная папка: C:\Users\KEKS\Desktop\QuarionMods\mods 
[12.02.2025  2:03:22,69] Папка назначения: C:\Users\KEKS\AppData\Roaming\.minecraft\mods 
[12.02.2025  2:03:22,69] [OK] Исходная папка найдена. 
[12.02.2025  2:03:22,69] [OK] Папка назначения найдена. 
[12.02.2025  2:03:22,69] Начато копирование файлов... 
[12.02.2025  2:03:22,72] Операция успешно завершена! 
[12.02.2025  2:03:22,72] Файлы скопированы из: C:\Users\KEKS\Desktop\QuarionMods\mods 
[12.02.2025  2:03:22,72] В: C:\Users\KEKS\AppData\Roaming\.minecraft\mods 
======================================================== 
[12.02.2025  2:04:13,60] Запуск скрипта копирования модов. 
[12.02.2025  2:04:13,60] Исходная папка: C:\Users\KEKS\Desktop\QuarionMods\mods 
[12.02.2025  2:04:13,60] Папка назначения: C:\Users\KEKS\AppData\Roaming\.minecraft\mods 
[12.02.2025  2:04:13,60] [OK] Исходная папка найдена. 
[12.02.2025  2:04:13,60] [OK] Папка назначения найдена. 
[12.02.2025  2:04:13,60] Начато копирование файлов... 
[12.02.2025  2:04:13,63] Операция успешно завершена! 
[12.02.2025  2:04:13,63] Файлы скопированы из: C:\Users\KEKS\Desktop\QuarionMods\mods 
[12.02.2025  2:04:13,63] В: C:\Users\KEKS\AppData\Roaming\.minecraft\mods 
======================================================== 
[12.02.2025  2:05:00,60] Запуск скрипта. 
[12.02.2025  2:05:00,62] Операция завершена успешно. 
======================================================== 
[12.02.2025  2:15:11,96] Запуск скрипта. 
[12.02.2025  2:15:11,98] Операция завершена успешно. 
======================================================== 
